TN:
SF:jest.setup.ts
FN:1,(empty-report)
FNF:1
FNH:0
FNDA:0,(empty-report)
DA:1,0
DA:2,0
DA:4,0
DA:5,0
LF:4
LH:0
BRDA:1,0,0,0
BRF:1
BRH:0
end_of_record
TN:
SF:src/App.tsx
FN:1,(empty-report)
FNF:1
FNH:0
FNDA:0,(empty-report)
DA:1,0
DA:3,0
DA:4,0
DA:6,0
DA:7,0
DA:8,0
DA:9,0
DA:11,0
DA:12,0
DA:14,0
DA:16,0
LF:11
LH:0
BRDA:1,0,0,0
BRF:1
BRH:0
end_of_record
TN:
SF:src/main.tsx
FN:1,(empty-report)
FNF:1
FNH:0
FNDA:0,(empty-report)
DA:1,0
DA:2,0
DA:3,0
DA:4,0
DA:6,0
DA:7,0
DA:8,0
DA:9,0
DA:10,0
LF:9
LH:0
BRDA:1,0,0,0
BRF:1
BRH:0
end_of_record
TN:
SF:src/components/ModalComp.tsx
FN:11,Modal
FNF:1
FNH:1
FNDA:1,Modal
DA:11,1
DA:12,1
DA:14,0
DA:16,0
DA:17,0
DA:19,0
DA:20,0
DA:23,0
DA:24,0
DA:25,0
DA:26,0
DA:28,0
DA:29,0
DA:30,0
DA:31,0
DA:32,0
DA:34,0
DA:35,0
DA:36,0
DA:37,0
DA:38,0
DA:39,0
DA:40,0
DA:41,0
DA:42,0
DA:43,0
DA:44,0
DA:46,0
DA:48,1
LF:29
LH:3
BRDA:11,0,0,1
BRDA:12,1,0,0
BRF:2
BRH:1
end_of_record
TN:
SF:src/components/PaginationComp.tsx
FN:10,Pagination
FN:16,handlePrevious
FN:22,handleNext
FNF:3
FNH:3
FNDA:8,Pagination
FNDA:1,handlePrevious
FNDA:1,handleNext
DA:10,1
DA:11,8
DA:12,8
DA:13,8
DA:14,8
DA:15,8
DA:16,8
DA:17,1
DA:18,1
DA:19,1
DA:20,1
DA:22,8
DA:23,1
DA:24,1
DA:25,1
DA:26,1
DA:28,8
DA:30,8
DA:31,8
DA:32,7
DA:33,7
DA:34,7
DA:35,7
DA:36,7
DA:38,7
DA:39,7
DA:40,7
DA:41,7
DA:42,7
DA:43,7
DA:44,7
DA:45,7
DA:46,7
DA:48,7
DA:49,8
DA:50,8
DA:52,8
DA:54,1
LF:38
LH:38
BRDA:10,0,0,8
BRDA:31,1,0,7
BRDA:49,2,0,1
BRDA:16,3,0,1
BRDA:22,4,0,1
BRF:5
BRH:5
end_of_record
TN:
SF:src/components/Spinner.tsx
FN:2,LoadingSpinner
FNF:1
FNH:0
FNDA:0,LoadingSpinner
DA:2,1
DA:3,0
DA:4,0
DA:5,0
DA:7,1
LF:5
LH:2
BRF:0
BRH:0
end_of_record
TN:
SF:src/components/FormFields/ButtonComp.tsx
FN:5,Button
FNF:1
FNH:1
FNDA:9,Button
DA:5,1
DA:6,9
DA:7,9
DA:8,9
DA:9,9
DA:10,9
DA:11,9
DA:12,9
DA:13,9
DA:15,9
DA:16,9
DA:17,6
DA:18,3
DA:19,1
DA:20,2
DA:21,1
DA:22,1
DA:24,9
DA:25,9
DA:26,9
DA:27,9
DA:28,9
DA:30,9
DA:31,9
DA:33,9
DA:35,1
LF:26
LH:26
BRDA:5,0,0,9
BRDA:16,1,0,6
BRDA:17,2,0,3
BRDA:18,3,0,1
BRDA:19,4,0,2
BRDA:20,5,0,1
BRDA:21,6,0,1
BRF:7
BRH:7
end_of_record
TN:
SF:src/components/FormFields/FormInput.tsx
FN:3,FormInput
FNF:1
FNH:1
FNDA:2,FormInput
DA:2,1
DA:3,1
DA:4,2
DA:5,2
DA:6,2
DA:7,2
DA:8,2
DA:10,2
DA:11,2
DA:12,2
DA:13,2
DA:14,2
DA:15,2
DA:16,2
DA:17,2
DA:18,2
DA:19,2
DA:20,2
DA:21,2
DA:22,2
DA:23,2
DA:24,2
DA:25,2
DA:26,2
DA:27,2
DA:29,2
DA:30,1
LF:27
LH:27
BRDA:3,0,0,2
BRF:1
BRH:1
end_of_record
TN:
SF:src/components/Layout/Header.tsx
FN:6,ServerHealthChecker
FN:11,Header
FN:29,onClick
FNF:3
FNH:3
FNDA:6,ServerHealthChecker
FNDA:6,Header
FNDA:2,onClick
DA:1,1
DA:2,1
DA:3,1
DA:4,1
DA:5,1
DA:6,1
DA:7,6
DA:8,6
DA:9,6
DA:10,6
DA:11,1
DA:12,6
DA:13,6
DA:14,6
DA:16,6
DA:17,6
DA:19,6
DA:20,6
DA:21,6
DA:22,6
DA:23,6
DA:25,6
DA:26,6
DA:27,6
DA:28,6
DA:29,6
DA:30,6
DA:32,6
DA:33,6
DA:34,6
DA:35,6
DA:36,6
DA:37,6
DA:39,6
DA:40,6
DA:41,6
DA:42,6
DA:43,6
DA:44,6
DA:45,6
DA:46,6
DA:47,6
DA:48,6
DA:49,1
DA:50,1
DA:51,3
DA:52,3
DA:53,3
DA:54,1
DA:56,1
DA:58,6
DA:60,6
DA:62,1
LF:53
LH:53
BRDA:6,0,0,6
BRDA:8,1,0,0
BRDA:11,2,0,6
BRDA:48,3,0,1
BRDA:29,4,0,2
BRDA:50,5,0,3
BRF:6
BRH:5
end_of_record
TN:
SF:src/components/Layout/Layout.tsx
FN:12,Layout
FNF:1
FNH:1
FNDA:2,Layout
DA:1,1
DA:2,1
DA:3,1
DA:12,1
DA:13,2
DA:15,2
DA:16,2
DA:17,2
DA:19,2
DA:20,2
DA:21,2
DA:22,2
DA:23,2
DA:24,2
DA:25,2
DA:26,2
DA:28,2
DA:30,1
LF:18
LH:18
BRDA:12,0,0,2
BRF:1
BRH:1
end_of_record
TN:
SF:src/components/Layout/Sidebar.tsx
FN:4,Sidebar
FNF:1
FNH:1
FNDA:7,Sidebar
DA:2,1
DA:3,1
DA:4,1
DA:5,7
DA:6,7
DA:7,7
DA:8,7
DA:9,7
DA:11,7
DA:12,7
DA:14,7
DA:15,7
DA:16,21
DA:17,21
DA:18,21
DA:19,7
DA:20,7
DA:21,7
DA:23,7
DA:25,1
LF:20
LH:20
BRDA:4,0,0,7
BRDA:8,1,0,6
BRDA:8,2,0,1
BRDA:15,3,0,21
BRF:4
BRH:4
end_of_record
TN:
SF:src/components/ResourceComp/ResourceForm.tsx
FN:14,ResourceForm
FN:37,handleSubmit
FN:83,children
FNF:3
FNH:3
FNDA:8,ResourceForm
FNDA:3,handleSubmit
FNDA:22,children
DA:1,1
DA:2,1
DA:3,1
DA:4,1
DA:5,1
DA:7,1
DA:8,1
DA:9,1
DA:11,1
DA:14,1
DA:15,8
DA:16,8
DA:17,8
DA:18,8
DA:19,8
DA:24,8
DA:25,8
DA:27,8
DA:29,6
DA:30,6
DA:31,6
DA:32,6
DA:33,6
DA:34,6
DA:35,6
DA:37,8
DA:38,3
DA:39,3
DA:40,3
DA:42,3
DA:43,3
DA:45,1
DA:46,3
DA:48,2
DA:49,1
DA:51,2
DA:52,2
DA:53,3
DA:54,0
DA:55,0
DA:57,2
DA:58,3
DA:59,1
DA:60,1
DA:61,3
DA:62,3
DA:63,3
DA:64,3
DA:65,3
DA:67,8
DA:68,8
DA:69,8
DA:70,8
DA:71,8
DA:72,8
DA:73,8
DA:74,8
DA:75,8
DA:76,8
DA:77,8
DA:78,8
DA:79,8
DA:80,8
DA:81,8
DA:83,8
DA:84,22
DA:85,22
DA:86,22
DA:87,22
DA:88,22
DA:89,22
DA:90,22
DA:91,22
DA:92,22
DA:93,22
DA:94,22
DA:95,22
DA:96,22
DA:97,22
DA:98,22
DA:99,22
DA:100,22
DA:102,22
DA:103,22
DA:104,22
DA:105,22
DA:106,22
DA:107,22
DA:108,22
DA:109,22
DA:110,22
DA:111,22
DA:112,22
DA:113,22
DA:114,22
DA:115,22
DA:116,22
DA:117,22
DA:118,22
DA:119,22
DA:120,22
DA:121,22
DA:122,22
DA:123,22
DA:124,22
DA:125,22
DA:126,22
DA:127,22
DA:128,22
DA:129,22
DA:130,22
DA:132,22
DA:133,22
DA:134,22
DA:136,8
DA:137,8
DA:139,8
DA:141,1
LF:118
LH:116
BRDA:14,0,0,8
BRDA:27,1,0,6
BRDA:37,2,0,3
BRDA:43,3,0,1
BRDA:46,4,0,2
BRDA:48,5,0,1
BRDA:53,6,0,0
BRDA:55,7,0,2
BRDA:58,8,0,1
BRDA:83,9,0,22
BRDA:128,10,0,0
BRDA:128,11,0,4
BRDA:128,12,0,18
BRF:13
BRH:11
end_of_record
TN:
SF:src/components/ResourceComp/ResourceList.tsx
FN:9,ResourceList
FN:26,openModal
FN:29,closeModal
FN:32,fetchData
FN:45,onEditHandler
FN:52,onDeleteHandler
FNF:6
FNH:4
FNDA:14,ResourceList
FNDA:0,openModal
FNDA:0,closeModal
FNDA:7,fetchData
FNDA:1,onEditHandler
FNDA:1,onDeleteHandler
DA:1,1
DA:2,1
DA:3,1
DA:5,1
DA:6,1
DA:7,1
DA:9,1
DA:10,14
DA:11,14
DA:12,14
DA:13,14
DA:14,14
DA:15,14
DA:16,14
DA:17,14
DA:18,14
DA:19,14
DA:20,14
DA:21,14
DA:22,14
DA:23,14
DA:24,14
DA:25,14
DA:26,14
DA:27,0
DA:28,0
DA:29,14
DA:30,0
DA:31,0
DA:32,14
DA:33,7
DA:34,7
DA:35,7
DA:36,7
DA:37,7
DA:38,0
DA:39,0
DA:40,7
DA:42,14
DA:43,6
DA:44,14
DA:45,14
DA:46,1
DA:47,1
DA:48,1
DA:49,1
DA:50,1
DA:51,1
DA:52,14
DA:53,1
DA:54,1
DA:55,1
DA:56,1
DA:57,1
DA:58,0
DA:59,0
DA:60,1
DA:61,0
DA:62,0
DA:63,0
DA:64,1
DA:65,1
DA:66,14
DA:67,14
DA:68,14
DA:69,14
DA:70,14
DA:71,14
DA:72,14
DA:73,14
DA:74,14
DA:75,14
DA:76,14
DA:77,14
DA:78,14
DA:79,14
DA:80,14
DA:81,14
DA:82,14
DA:83,14
DA:84,14
DA:86,14
DA:88,14
DA:89,1
LF:84
LH:73
BRDA:9,0,0,14
BRDA:32,1,0,7
BRDA:37,2,0,0
BRDA:42,3,0,6
BRDA:45,4,0,1
BRDA:46,5,0,1
BRDA:52,6,0,1
BRDA:57,7,0,0
BRDA:60,8,0,0
BRF:9
BRH:6
end_of_record
TN:
SF:src/components/Table/TableBody.tsx
FN:12,TableBody
FN:19,renderCell
FN:41,onClick
FNF:3
FNH:3
FNDA:2,TableBody
FNDA:6,renderCell
FNDA:2,onClick
DA:3,1
DA:12,1
DA:13,2
DA:14,2
DA:15,2
DA:16,2
DA:17,2
DA:19,2
DA:20,6
DA:21,0
DA:22,0
DA:23,0
DA:24,0
DA:25,6
DA:26,0
DA:27,6
DA:29,2
DA:30,2
DA:31,2
DA:32,2
DA:33,2
DA:34,6
DA:35,6
DA:36,6
DA:37,2
DA:38,2
DA:39,1
DA:40,1
DA:41,2
DA:43,1
DA:44,1
DA:45,1
DA:46,2
DA:47,2
DA:48,2
DA:50,2
DA:52,1
LF:37
LH:32
BRDA:12,0,0,2
BRDA:19,1,0,6
BRDA:20,2,0,2
BRDA:20,3,0,0
BRDA:25,4,0,0
BRDA:31,5,0,2
BRDA:38,6,0,1
BRDA:38,7,0,1
BRDA:44,8,0,1
BRDA:33,9,0,6
BRDA:40,10,0,2
BRDA:41,11,0,2
BRDA:41,12,0,0
BRF:13
BRH:10
end_of_record
TN:
SF:src/components/Table/TableComp.tsx
FN:16,Table
FNF:1
FNH:1
FNDA:2,Table
DA:2,1
DA:3,1
DA:6,1
DA:16,1
DA:17,2
DA:18,2
DA:19,2
DA:20,2
DA:21,2
DA:22,2
DA:23,2
DA:24,2
DA:25,2
DA:26,0
DA:28,2
DA:29,2
DA:30,2
DA:31,2
DA:32,2
DA:33,2
DA:34,2
DA:35,2
DA:36,2
DA:38,2
DA:40,2
DA:42,1
LF:26
LH:25
BRDA:16,0,0,2
BRDA:25,1,0,0
BRF:2
BRH:1
end_of_record
TN:
SF:src/components/Table/TableHead.tsx
FN:7,TableHead
FNF:1
FNH:1
FNDA:2,TableHead
DA:7,1
DA:8,2
DA:9,2
DA:10,2
DA:11,2
DA:12,6
DA:13,2
DA:14,2
DA:15,1
DA:16,1
DA:18,2
DA:19,2
DA:21,2
DA:23,1
LF:14
LH:14
BRDA:7,0,0,2
BRDA:14,1,0,1
BRDA:15,2,0,1
BRDA:11,3,0,6
BRF:4
BRH:4
end_of_record
TN:
SF:src/hooks/usePolling.tsx
FN:4,useServerHealth
FN:10,check
FNF:2
FNH:2
FNDA:8,useServerHealth
FNDA:10,check
DA:1,1
DA:2,1
DA:4,1
DA:5,8
DA:7,8
DA:8,5
DA:10,5
DA:11,10
DA:12,10
DA:13,8
DA:14,10
DA:15,7
DA:16,7
DA:17,10
DA:18,2
DA:19,2
DA:20,2
DA:21,2
DA:22,2
DA:23,10
DA:25,5
DA:26,5
DA:28,5
DA:29,5
DA:30,5
DA:31,5
DA:32,8
DA:34,8
DA:35,8
LF:29
LH:29
BRDA:4,0,0,8
BRDA:7,1,0,5
BRDA:10,2,0,10
BRDA:12,3,0,8
BRDA:14,4,0,7
BRDA:15,5,0,5
BRDA:15,6,0,2
BRDA:17,7,0,2
BRDA:28,8,0,5
BRF:9
BRH:9
end_of_record
TN:
SF:src/interface/interface.tsx
FN:1,(empty-report)
FNF:1
FNH:1
FNDA:1,(empty-report)
LF:0
LH:0
BRDA:1,0,0,1
BRF:1
BRH:1
end_of_record
TN:
SF:src/pages/Dashboard.tsx
FN:2,Dashboard
FNF:1
FNH:1
FNDA:1,Dashboard
DA:1,1
DA:2,1
DA:3,1
DA:4,1
DA:5,1
DA:6,1
DA:8,1
DA:9,1
LF:8
LH:8
BRDA:2,0,0,1
BRF:1
BRH:1
end_of_record
TN:
SF:src/pages/Resources.tsx
FN:6,Resources
FN:8,openModal
FN:11,closeModal
FNF:3
FNH:2
FNDA:6,Resources
FNDA:3,openModal
FNDA:0,closeModal
DA:1,1
DA:2,1
DA:3,1
DA:4,1
DA:5,1
DA:6,1
DA:7,6
DA:8,6
DA:9,3
DA:10,3
DA:11,6
DA:12,0
DA:13,0
DA:14,6
DA:15,6
DA:16,6
DA:18,6
DA:20,6
DA:21,6
DA:23,6
DA:25,6
DA:26,1
LF:22
LH:20
BRDA:6,0,0,6
BRDA:8,1,0,3
BRF:2
BRH:2
end_of_record
TN:
SF:src/routes/routeList.tsx
FN:1,(empty-report)
FNF:1
FNH:0
FNDA:0,(empty-report)
DA:1,0
DA:2,0
DA:3,0
DA:4,0
DA:5,0
DA:6,0
DA:7,0
DA:8,0
DA:9,0
DA:10,0
DA:11,0
DA:12,0
DA:13,0
DA:14,0
DA:15,0
LF:15
LH:0
BRDA:1,0,0,0
BRF:1
BRH:0
end_of_record
TN:
SF:src/routes/routes.tsx
FN:1,(empty-report)
FNF:1
FNH:0
FNDA:0,(empty-report)
DA:1,0
DA:2,0
DA:5,0
DA:6,0
DA:7,0
DA:10,0
DA:11,0
DA:12,0
DA:14,0
DA:15,0
DA:16,0
DA:17,0
DA:18,0
DA:19,0
DA:20,0
DA:21,0
DA:23,0
DA:25,0
LF:18
LH:0
BRDA:1,0,0,0
BRF:1
BRH:0
end_of_record
TN:
SF:src/services/resourceService.ts
FN:1,(empty-report)
FNF:1
FNH:0
FNDA:0,(empty-report)
DA:1,0
DA:3,0
DA:4,0
DA:5,0
DA:6,0
DA:7,0
DA:8,0
DA:9,0
DA:10,0
DA:11,0
DA:12,0
DA:13,0
DA:14,0
DA:15,0
DA:18,0
DA:19,0
DA:20,0
DA:21,0
DA:22,0
DA:23,0
DA:24,0
DA:25,0
LF:22
LH:0
BRDA:1,0,0,0
BRF:1
BRH:0
end_of_record
